TN:
SF:src/DebtRebaseToken.sol
DA:103,1292
FN:103,DebtRebaseToken.loanExists
FNDA:1292,DebtRebaseToken.loanExists
DA:104,1292
BRDA:104,0,0,-
DA:105,0
DA:119,0
FN:119,DebtRebaseToken.setPenaltyRate
FNDA:0,DebtRebaseToken.setPenaltyRate
DA:120,0
DA:128,0
FN:128,DebtRebaseToken.setdaysGracePeriod
FNDA:0,DebtRebaseToken.setdaysGracePeriod
DA:131,0
DA:140,1292
FN:140,DebtRebaseToken.setBorrowerData
FNDA:1292,DebtRebaseToken.setBorrowerData
DA:141,1292
BRDA:141,1,0,1292
DA:142,1292
DA:143,1292
DA:160,1292
FN:160,DebtRebaseToken.setLoanData
FNDA:1292,DebtRebaseToken.setLoanData
DA:169,1292
BRDA:169,2,0,-
DA:170,0
DA:172,1292
BRDA:172,3,0,-
DA:173,0
DA:175,1292
DA:176,1292
DA:177,1292
DA:178,1292
DA:179,1292
DA:180,1292
DA:181,1292
DA:182,1292
DA:183,1292
DA:184,1292
DA:185,1292
DA:186,1292
DA:187,1292
DA:196,1292
FN:196,DebtRebaseToken.mint
FNDA:1292,DebtRebaseToken.mint
DA:200,1292
DA:201,1292
DA:202,1292
DA:203,1292
DA:212,3876
FN:212,DebtRebaseToken.burn
FNDA:3876,DebtRebaseToken.burn
DA:216,3876
DA:217,3876
DA:218,3876
DA:219,3876
DA:220,3876
DA:221,3876
DA:222,3876
DA:224,3876
DA:225,518
BRDA:225,4,0,518
DA:226,518
DA:227,518
DA:241,4134
FN:241,DebtRebaseToken.loanState
FNDA:4134,DebtRebaseToken.loanState
DA:244,4134
BRDA:244,5,0,258
BRDA:244,5,1,3876
DA:245,258
DA:246,258
DA:248,3876
BRDA:248,6,0,-
BRDA:248,6,1,3876
DA:249,0
DA:251,3876
DA:262,258
FN:262,DebtRebaseToken.CleanLoan
FNDA:258,DebtRebaseToken.CleanLoan
DA:263,258
DA:264,258
DA:265,258
DA:266,258
DA:278,4134
FN:278,DebtRebaseToken.checkLoanMisses
FNDA:4134,DebtRebaseToken.checkLoanMisses
DA:279,4134
DA:280,4134
DA:281,4134
DA:282,4134
BRDA:282,7,0,258
DA:283,258
BRDA:283,8,0,258
BRDA:283,8,1,-
DA:284,258
DA:286,0
DA:295,3876
FN:295,DebtRebaseToken.checkLoanPenalty
FNDA:3876,DebtRebaseToken.checkLoanPenalty
DA:296,3876
DA:297,3876
DA:298,3876
BRDA:298,9,0,-
BRDA:298,9,1,3876
DA:299,0
DA:300,0
DA:301,0
DA:303,0
DA:305,0
DA:306,0
DA:307,0
DA:308,0
DA:310,3876
DA:320,778
FN:320,DebtRebaseToken.amountPayTotal
FNDA:778,DebtRebaseToken.amountPayTotal
DA:323,778
DA:324,778
DA:325,778
DA:326,778
DA:327,778
DA:329,778
BRDA:329,10,0,399
BRDA:329,10,1,379
DA:331,399
DA:332,399
DA:333,399
DA:334,379
BRDA:334,11,0,379
DA:336,379
DA:347,7490
FN:347,DebtRebaseToken.amountPayEachInterval
FNDA:7490,DebtRebaseToken.amountPayEachInterval
DA:350,7490
DA:351,7490
DA:352,7490
DA:353,7490
DA:354,7490
DA:356,7490
BRDA:356,12,0,3857
BRDA:356,12,1,3633
DA:358,3857
DA:359,3857
DA:361,3633
BRDA:361,13,0,3633
DA:364,3633
DA:365,3633
DA:379,15766
FN:379,DebtRebaseToken.balanceOfLoan
FNDA:15766,DebtRebaseToken.balanceOfLoan
DA:380,15766
DA:382,15766
DA:383,15766
DA:385,15766
DA:388,15766
BRDA:388,14,0,516
BRDA:388,14,1,15250
DA:389,516
DA:391,516
DA:392,516
DA:394,15250
DA:405,3616
FN:405,DebtRebaseToken.totalloanPlusInterest
FNDA:3616,DebtRebaseToken.totalloanPlusInterest
DA:408,3616
DA:409,3616
DA:410,3616
DA:411,3616
DA:412,3616
DA:414,3616
BRDA:414,15,0,1862
BRDA:414,15,1,1754
DA:416,1862
DA:417,1754
BRDA:417,16,0,1754
DA:419,1754
DA:432,6118
FN:432,DebtRebaseToken.interestLoanSimple
FNDA:6118,DebtRebaseToken.interestLoanSimple
DA:438,6118
BRDA:438,17,0,3312
BRDA:438,17,1,2806
DA:439,3312
DA:441,2806
DA:454,5766
FN:454,DebtRebaseToken.interestLoanCompound
FNDA:5766,DebtRebaseToken.interestLoanCompound
DA:460,5766
DA:461,5766
BRDA:461,18,0,3036
BRDA:461,18,1,2730
DA:462,3036
DA:464,2730
DA:468,3036
DA:469,0
DA:472,5766
DA:475,5766
DA:478,6282
FN:478,DebtRebaseToken.pow
FNDA:6282,DebtRebaseToken.pow
DA:482,6282
DA:483,30208
DA:484,23926
BRDA:484,19,0,12834
DA:485,12834
DA:487,23926
DA:488,23926
DA:496,1552
FN:496,DebtRebaseToken.balanceOf
FNDA:1552,DebtRebaseToken.balanceOf
DA:499,1552
DA:500,1552
DA:501,1552
DA:502,1552
DA:503,1552
DA:505,0
DA:511,0
FN:511,DebtRebaseToken.transfer
FNDA:0,DebtRebaseToken.transfer
DA:515,0
DA:516,0
DA:519,0
FN:519,DebtRebaseToken.transferFrom
FNDA:0,DebtRebaseToken.transferFrom
DA:524,0
DA:525,0
DA:529,0
FN:529,DebtRebaseToken.getLoanInfo
FNDA:0,DebtRebaseToken.getLoanInfo
DA:532,0
DA:535,0
FN:535,DebtRebaseToken.getBorrowerInfo
FNDA:0,DebtRebaseToken.getBorrowerInfo
DA:538,0
DA:541,3358
FN:541,DebtRebaseToken.getLeftTerm
FNDA:3358,DebtRebaseToken.getLeftTerm
DA:542,3358
DA:545,3354
FN:545,DebtRebaseToken.getTerms
FNDA:3354,DebtRebaseToken.getTerms
DA:546,3354
DA:549,3876
FN:549,DebtRebaseToken.getBalanceLoanMinted
FNDA:3876,DebtRebaseToken.getBalanceLoanMinted
DA:552,3876
DA:555,3616
FN:555,DebtRebaseToken.getTotalPenaltyLoan
FNDA:3616,DebtRebaseToken.getTotalPenaltyLoan
DA:558,3616
DA:561,3616
FN:561,DebtRebaseToken.gettotalloanPlusInterest
FNDA:3616,DebtRebaseToken.gettotalloanPlusInterest
DA:564,3616
DA:567,0
FN:567,DebtRebaseToken.getPenaltyRate
FNDA:0,DebtRebaseToken.getPenaltyRate
DA:568,0
DA:571,0
FN:571,DebtRebaseToken.getDaysGracePeriod
FNDA:0,DebtRebaseToken.getDaysGracePeriod
DA:572,0
DA:575,0
FN:575,DebtRebaseToken.getPrecisionFactor
FNDA:0,DebtRebaseToken.getPrecisionFactor
DA:576,0
DA:579,0
FN:579,DebtRebaseToken.getPointsScorePenalty
FNDA:0,DebtRebaseToken.getPointsScorePenalty
DA:580,0
DA:583,2070
FN:583,DebtRebaseToken.getBalaceOfLoan
FNDA:2070,DebtRebaseToken.getBalaceOfLoan
DA:584,2070
FNF:33
FNH:23
LF:180
LH:143
BRF:30
BRH:24
end_of_record
TN:
SF:src/Vault.sol
DA:87,1292
FN:87,Vault.checkNft
FNDA:1292,Vault.checkNft
DA:92,1292
BRDA:92,0,0,-
DA:93,0
DA:95,1292
BRDA:95,1,0,-
DA:96,0
DA:98,1292
BRDA:98,2,0,-
DA:99,0
DA:103,1292
FN:103,Vault.loanRequestExists
FNDA:1292,Vault.loanRequestExists
DA:104,1292
BRDA:104,3,0,-
DA:105,0
DA:109,258
FN:109,Vault.loanExists
FNDA:258,Vault.loanExists
DA:110,258
BRDA:110,4,0,-
DA:111,0
DA:115,1292
FN:115,Vault.tokenCheck
FNDA:1292,Vault.tokenCheck
DA:120,1292
BRDA:120,5,0,-
DA:121,0
DA:123,1292
BRDA:123,6,0,-
DA:124,0
DA:131,9
FN:131,Vault.constructor
FNDA:9,Vault.constructor
DA:132,9
DA:150,1292
FN:150,Vault.requestLoan
FNDA:1292,Vault.requestLoan
DA:160,1292
BRDA:160,7,0,-
DA:161,0
DA:163,1292
BRDA:163,8,0,-
DA:164,0
DA:166,1292
BRDA:166,9,0,-
BRDA:166,9,1,1292
DA:167,0
DA:169,1292
DA:174,1292
DA:177,1292
DA:178,1292
DA:208,1292
FN:208,Vault.offerLoan
FNDA:1292,Vault.offerLoan
DA:217,1292
BRDA:217,10,0,-
DA:218,0
DA:220,1292
BRDA:220,11,0,-
DA:221,0
DA:223,1292
BRDA:223,12,0,-
DA:224,0
DA:226,1292
BRDA:226,13,0,-
DA:227,0
DA:230,1292
BRDA:230,14,0,-
DA:231,0
DA:233,1292
BRDA:233,15,0,-
DA:234,0
DA:236,1292
BRDA:236,16,0,690
BRDA:236,16,1,602
DA:237,690
DA:239,602
DA:244,1292
DA:247,1292
DA:248,1292
DA:260,1292
DA:265,1292
FN:265,Vault.approveLoan
FNDA:1292,Vault.approveLoan
DA:282,1292
BRDA:282,17,0,-
DA:283,0
DA:285,1292
BRDA:285,18,0,-
DA:286,0
DA:288,1292
BRDA:288,19,0,-
DA:289,0
DA:293,1292
DA:301,1292
DA:306,0
BRDA:306,20,0,-
DA:307,0
DA:310,1292
DA:323,1292
DA:324,1292
DA:333,1292
DA:334,1292
DA:337,1292
DA:347,3616
FN:347,Vault.payLoan
FNDA:3616,Vault.payLoan
DA:348,3616
DA:349,3616
BRDA:349,21,0,-
BRDA:349,21,1,-
DA:350,0
DA:352,3616
DA:353,3616
DA:355,3616
DA:360,0
BRDA:360,22,0,-
DA:361,0
DA:363,3616
BRDA:363,23,0,3616
BRDA:363,23,1,-
DA:364,3616
DA:366,0
DA:368,3616
DA:369,3616
DA:372,3616
DA:373,3616
DA:376,3616
DA:378,3616
DA:380,3616
DA:384,0
BRDA:384,24,0,-
DA:385,0
DA:388,3616
DA:389,3358
DA:390,258
BRDA:390,25,0,258
DA:391,258
DA:403,260
FN:403,Vault.payLoanTotal
FNDA:260,Vault.payLoanTotal
DA:404,260
DA:405,260
BRDA:405,26,0,-
BRDA:405,26,1,-
DA:406,0
DA:408,260
DA:411,260
DA:414,260
DA:419,0
BRDA:419,27,0,-
DA:420,0
DA:422,260
DA:424,260
DA:426,260
DA:430,0
BRDA:430,28,0,-
DA:431,0
DA:434,260
DA:435,0
DA:436,260
BRDA:436,29,0,260
DA:437,260
DA:446,258
FN:446,Vault.updateLoanState
FNDA:258,Vault.updateLoanState
DA:447,258
DA:448,258
BRDA:448,30,0,258
DA:449,258
DA:457,776
FN:457,Vault.liquidateLoan
FNDA:776,Vault.liquidateLoan
DA:458,776
BRDA:458,31,0,-
DA:459,0
DA:464,776
DA:469,776
DA:472,1292
FN:472,Vault.onERC721Received
FNDA:1292,Vault.onERC721Received
DA:478,1292
FNF:13
FNH:13
LF:122
LH:88
BRF:37
BRH:7
end_of_record
TN:
SF:test/mock/ERC20Mock.sol
DA:7,9
FN:7,ERC20Mock.constructor
FNDA:9,ERC20Mock.constructor
DA:13,9
DA:17,3877
FN:17,ERC20Mock.mint
FNDA:3877,ERC20Mock.mint
DA:18,3877
FNF:2
FNH:2
LF:4
LH:4
BRF:0
BRH:0
end_of_record
TN:
SF:test/mock/ERC721Mock.sol
DA:15,9
FN:15,ERC721Mock.mint
FNDA:9,ERC721Mock.mint
DA:16,9
DA:17,9
DA:18,9
DA:19,0
FNF:1
FNH:1
LF:5
LH:4
BRF:0
BRH:0
end_of_record
